<?xml version="1.0" encoding="UTF-8"?>
<testsuite name="Iniciar sesion" tests="1" skipped="1" failures="0" errors="0" timestamp="2021-10-08T00:13:03" hostname="LAPTOP-JLEJUB27" time="0.178">
  <properties/>
  <testcase name="Iniciar sesion con correo y contrasena" classname="Iniciar sesion" time="0.178">
    <skipped/>
  </testcase>
  <system-out><![CDATA[?[33mU?[0m?[33mU?[0m?[33mU?[0m?[33mU?[0m?[33mU?[0m?[33mU?[0m?[33mU?[0m?[33mU?[0m]]></system-out>
  <system-err><![CDATA[]]></system-err>
</testsuite>
