<?xml version="1.0" encoding="UTF-8"?>
<testsuite name="com.choucair.runners.AutomationTestRunner" tests="0" skipped="0" failures="0" errors="0" timestamp="1970-01-01T00:00:00" hostname="LAPTOP-JLEJUB27" time="0.0">
  <properties/>
  <system-out><![CDATA[
?[33mUndefined scenarios:?[0m
?[33msrc/test/resources/features/IniciarSesion.feature:8 ?[0m# Iniciar sesion con correo y contrasena

1 Scenarios (?[33m1 undefined?[0m)
8 Steps (?[33m8 undefined?[0m)
0m0,946s


You can implement missing steps with the snippets below:

@Given("que el usuario ya se registro en el sistema")
public void queElUsuarioYaSeRegistroEnElSistema() {
    // Write code here that turns the phrase above into concrete actions
    throw new cucumber.api.PendingException();
}

@When("desee iniciar sesion")
public void deseeIniciarSesion() {
    // Write code here that turns the phrase above into concrete actions
    throw new cucumber.api.PendingException();
}

@When("se encuentre en la pagina de autenticacion")
public void seEncuentreEnLaPaginaDeAutenticacion() {
    // Write code here that turns the phrase above into concrete actions
    throw new cucumber.api.PendingException();
}

@When("ingrese el correo {string}")
public void ingreseElCorreo(String string) {
    // Write code here that turns the phrase above into concrete actions
    throw new cucumber.api.PendingException();
}

@When("ingrese la contrasena {string}")
public void ingreseLaContrasena(String string) {
    // Write code here that turns the phrase above into concrete actions
    throw new cucumber.api.PendingException();
}

@When("de clic en el boton Sign in")
public void deClicEnElBotonSignIn() {
    // Write code here that turns the phrase above into concrete actions
    throw new cucumber.api.PendingException();
}

@When("las credenciales son validas")
public void lasCredencialesSonValidas() {
    // Write code here that turns the phrase above into concrete actions
    throw new cucumber.api.PendingException();
}

@Then("el inicio de sesion es exitoso")
public void elInicioDeSesionEsExitoso() {
    // Write code here that turns the phrase above into concrete actions
    throw new cucumber.api.PendingException();
}


]]></system-out>
  <system-err><![CDATA[log4j:WARN No appenders could be found for logger (net.thucydides.core.steps.ConsoleLoggingListener).
log4j:WARN Please initialize the log4j system properly.
log4j:WARN See http://logging.apache.org/log4j/1.2/faq.html#noconfig for more info.
]]></system-err>
</testsuite>
